<?xml version="1.0" encoding="UTF-8"?>
<!-- Generated by org.testng.reporters.JUnitXMLReporter -->
<testsuite hostname="DCP73DS1" name="Default test" tests="3" failures="0" timestamp="17 May 2015 14:42:17 GMT" time="6.24" errors="0">
  <testcase name="test_quote_page_items_exist" time="2.724" classname="test.HomePage"/>
  <testcase name="test_quote_page" time="2.563" classname="test.HomePage"/>
  <testcase name="test_quote_page_data_validation" time="0.928" classname="test.HomePage"/>
</testsuite> <!-- Default test -->
