<?xml version="1.0" encoding="UTF-8"?>
<testng-results skipped="0" failed="0" total="1" passed="1">
  <reporter-output>
  </reporter-output>
  <suite name="Default suite" duration-ms="217293" started-at="2015-05-15T11:52:35Z" finished-at="2015-05-15T11:56:13Z">
    <groups>
    </groups>
    <test name="Default test" duration-ms="217293" started-at="2015-05-15T11:52:35Z" finished-at="2015-05-15T11:56:13Z">
      <class name="test.HomePage">
        <test-method status="PASS" signature="setup()[pri:0, instance:test.HomePage@331ae2ce]" name="setup" is-config="true" duration-ms="215191" started-at="2015-05-15T07:52:35Z" finished-at="2015-05-15T07:56:11Z">
          <reporter-output>
          </reporter-output>
        </test-method> <!-- setup -->
        <test-method status="PASS" signature="test_quote_page()[pri:0, instance:test.HomePage@331ae2ce]" name="test_quote_page" duration-ms="2030" started-at="2015-05-15T07:56:11Z" finished-at="2015-05-15T07:56:13Z">
          <reporter-output>
          </reporter-output>
        </test-method> <!-- test_quote_page -->
        <test-method status="PASS" signature="shutdown()[pri:0, instance:test.HomePage@331ae2ce]" name="shutdown" is-config="true" duration-ms="58" started-at="2015-05-15T07:56:13Z" finished-at="2015-05-15T07:56:13Z">
          <reporter-output>
          </reporter-output>
        </test-method> <!-- shutdown -->
      </class> <!-- test.HomePage -->
    </test> <!-- Default test -->
  </suite> <!-- Default suite -->
</testng-results>
