<?xml version="1.0" encoding="UTF-8"?>
<testng-results skipped="0" failed="0" total="3" passed="3">
  <reporter-output>
  </reporter-output>
  <suite name="Default suite" duration-ms="6240" started-at="2015-05-17T14:42:11Z" finished-at="2015-05-17T14:42:17Z">
    <groups>
    </groups>
    <test name="Default test" duration-ms="6240" started-at="2015-05-17T14:42:11Z" finished-at="2015-05-17T14:42:17Z">
      <class name="test.HomePage">
        <test-method status="PASS" signature="setup()[pri:0, instance:test.HomePage@3b293677]" name="setup" is-config="true" duration-ms="517576" started-at="2015-05-17T10:33:33Z" finished-at="2015-05-17T10:42:11Z">
          <reporter-output>
          </reporter-output>
        </test-method> <!-- setup -->
        <test-method status="PASS" signature="test_quote_page_items_exist()[pri:0, instance:test.HomePage@3b293677]" name="test_quote_page_items_exist" duration-ms="2724" started-at="2015-05-17T10:42:11Z" finished-at="2015-05-17T10:42:13Z">
          <reporter-output>
          </reporter-output>
        </test-method> <!-- test_quote_page_items_exist -->
        <test-method status="PASS" signature="test_quote_page()[pri:0, instance:test.HomePage@3b293677]" name="test_quote_page" duration-ms="2563" started-at="2015-05-17T10:42:13Z" finished-at="2015-05-17T10:42:16Z">
          <reporter-output>
          </reporter-output>
        </test-method> <!-- test_quote_page -->
        <test-method status="PASS" signature="test_quote_page_data_validation()[pri:0, instance:test.HomePage@3b293677]" name="test_quote_page_data_validation" duration-ms="928" started-at="2015-05-17T10:42:16Z" finished-at="2015-05-17T10:42:17Z">
          <reporter-output>
          </reporter-output>
        </test-method> <!-- test_quote_page_data_validation -->
        <test-method status="PASS" signature="shutdown()[pri:0, instance:test.HomePage@3b293677]" name="shutdown" is-config="true" duration-ms="45" started-at="2015-05-17T10:42:17Z" finished-at="2015-05-17T10:42:17Z">
          <reporter-output>
          </reporter-output>
        </test-method> <!-- shutdown -->
      </class> <!-- test.HomePage -->
    </test> <!-- Default test -->
  </suite> <!-- Default suite -->
</testng-results>
